Determining if the pthread_create exist failed with the following output:
Change Dir: /home/fri/jackal_ws/src/graph_navigation/CMakeFiles/CMakeTmp

Run Build Command:"/usr/bin/make" "cmTC_e1170/fast"
/usr/bin/make -f CMakeFiles/cmTC_e1170.dir/build.make CMakeFiles/cmTC_e1170.dir/build
make[1]: Entering directory '/home/fri/jackal_ws/src/graph_navigation/CMakeFiles/CMakeTmp'
Building C object CMakeFiles/cmTC_e1170.dir/CheckSymbolExists.c.o
/usr/bin/cc    -o CMakeFiles/cmTC_e1170.dir/CheckSymbolExists.c.o   -c /home/fri/jackal_ws/src/graph_navigation/CMakeFiles/CMakeTmp/CheckSymbolExists.c
Linking C executable cmTC_e1170
/usr/bin/cmake -E cmake_link_script CMakeFiles/cmTC_e1170.dir/link.txt --verbose=1
/usr/bin/cc      -rdynamic CMakeFiles/cmTC_e1170.dir/CheckSymbolExists.c.o  -o cmTC_e1170 
CMakeFiles/cmTC_e1170.dir/CheckSymbolExists.c.o: In function `main':
CheckSymbolExists.c:(.text+0x1b): undefined reference to `pthread_create'
collect2: error: ld returned 1 exit status
CMakeFiles/cmTC_e1170.dir/build.make:97: recipe for target 'cmTC_e1170' failed
make[1]: *** [cmTC_e1170] Error 1
make[1]: Leaving directory '/home/fri/jackal_ws/src/graph_navigation/CMakeFiles/CMakeTmp'
Makefile:126: recipe for target 'cmTC_e1170/fast' failed
make: *** [cmTC_e1170/fast] Error 2

File /home/fri/jackal_ws/src/graph_navigation/CMakeFiles/CMakeTmp/CheckSymbolExists.c:
/* */
#include <pthread.h>

int main(int argc, char** argv)
{
  (void)argv;
#ifndef pthread_create
  return ((int*)(&pthread_create))[argc];
#else
  (void)argc;
  return 0;
#endif
}

Determining if the function pthread_create exists in the pthreads failed with the following output:
Change Dir: /home/fri/jackal_ws/src/graph_navigation/CMakeFiles/CMakeTmp

Run Build Command:"/usr/bin/make" "cmTC_fa755/fast"
/usr/bin/make -f CMakeFiles/cmTC_fa755.dir/build.make CMakeFiles/cmTC_fa755.dir/build
make[1]: Entering directory '/home/fri/jackal_ws/src/graph_navigation/CMakeFiles/CMakeTmp'
Building C object CMakeFiles/cmTC_fa755.dir/CheckFunctionExists.c.o
/usr/bin/cc   -DCHECK_FUNCTION_EXISTS=pthread_create   -o CMakeFiles/cmTC_fa755.dir/CheckFunctionExists.c.o   -c /usr/share/cmake-3.10/Modules/CheckFunctionExists.c
Linking C executable cmTC_fa755
/usr/bin/cmake -E cmake_link_script CMakeFiles/cmTC_fa755.dir/link.txt --verbose=1
/usr/bin/cc  -DCHECK_FUNCTION_EXISTS=pthread_create    -rdynamic CMakeFiles/cmTC_fa755.dir/CheckFunctionExists.c.o  -o cmTC_fa755 -lpthreads 
/usr/bin/ld: cannot find -lpthreads
collect2: error: ld returned 1 exit status
CMakeFiles/cmTC_fa755.dir/build.make:97: recipe for target 'cmTC_fa755' failed
make[1]: *** [cmTC_fa755] Error 1
make[1]: Leaving directory '/home/fri/jackal_ws/src/graph_navigation/CMakeFiles/CMakeTmp'
Makefile:126: recipe for target 'cmTC_fa755/fast' failed
make: *** [cmTC_fa755/fast] Error 2


Performing C SOURCE FILE Test CMAKE_HAVE_LIBC_PTHREAD failed with the following output:
Change Dir: /home/bwilab/jackal_ws/src/graph_navigation/CMakeFiles/CMakeTmp

Run Build Command(s):/usr/bin/make -f Makefile cmTC_33290/fast && make[1]: Entering directory '/home/bwilab/jackal_ws/src/graph_navigation/CMakeFiles/CMakeTmp'
/usr/bin/make  -f CMakeFiles/cmTC_33290.dir/build.make CMakeFiles/cmTC_33290.dir/build
make[2]: Entering directory '/home/bwilab/jackal_ws/src/graph_navigation/CMakeFiles/CMakeTmp'
Building C object CMakeFiles/cmTC_33290.dir/src.c.o
/usr/bin/cc -DCMAKE_HAVE_LIBC_PTHREAD   -o CMakeFiles/cmTC_33290.dir/src.c.o -c /home/bwilab/jackal_ws/src/graph_navigation/CMakeFiles/CMakeTmp/src.c
Linking C executable cmTC_33290
/usr/bin/cmake -E cmake_link_script CMakeFiles/cmTC_33290.dir/link.txt --verbose=1
/usr/bin/cc -rdynamic CMakeFiles/cmTC_33290.dir/src.c.o -o cmTC_33290 
CMakeFiles/cmTC_33290.dir/src.c.o: In function `main':
src.c:(.text+0x3e): undefined reference to `pthread_create'
src.c:(.text+0x4a): undefined reference to `pthread_detach'
src.c:(.text+0x56): undefined reference to `pthread_cancel'
src.c:(.text+0x67): undefined reference to `pthread_join'
src.c:(.text+0x7b): undefined reference to `pthread_atfork'
collect2: error: ld returned 1 exit status
CMakeFiles/cmTC_33290.dir/build.make:98: recipe for target 'cmTC_33290' failed
make[2]: *** [cmTC_33290] Error 1
make[2]: Leaving directory '/home/bwilab/jackal_ws/src/graph_navigation/CMakeFiles/CMakeTmp'
Makefile:127: recipe for target 'cmTC_33290/fast' failed
make[1]: *** [cmTC_33290/fast] Error 2
make[1]: Leaving directory '/home/bwilab/jackal_ws/src/graph_navigation/CMakeFiles/CMakeTmp'


Source file was:
#include <pthread.h>

static void* test_func(void* data)
{
  return data;
}

int main(void)
{
  pthread_t thread;
  pthread_create(&thread, NULL, test_func, NULL);
  pthread_detach(thread);
  pthread_cancel(thread);
  pthread_join(thread, NULL);
  pthread_atfork(NULL, NULL, NULL);
  pthread_exit(NULL);

  return 0;
}

Determining if the function pthread_create exists in the pthreads failed with the following output:
Change Dir: /home/bwilab/jackal_ws/src/graph_navigation/CMakeFiles/CMakeTmp

Run Build Command(s):/usr/bin/make -f Makefile cmTC_9eaef/fast && make[1]: Entering directory '/home/bwilab/jackal_ws/src/graph_navigation/CMakeFiles/CMakeTmp'
/usr/bin/make  -f CMakeFiles/cmTC_9eaef.dir/build.make CMakeFiles/cmTC_9eaef.dir/build
make[2]: Entering directory '/home/bwilab/jackal_ws/src/graph_navigation/CMakeFiles/CMakeTmp'
Building C object CMakeFiles/cmTC_9eaef.dir/CheckFunctionExists.c.o
/usr/bin/cc   -DCHECK_FUNCTION_EXISTS=pthread_create -o CMakeFiles/cmTC_9eaef.dir/CheckFunctionExists.c.o -c /usr/share/cmake-3.21/Modules/CheckFunctionExists.c
Linking C executable cmTC_9eaef
/usr/bin/cmake -E cmake_link_script CMakeFiles/cmTC_9eaef.dir/link.txt --verbose=1
/usr/bin/cc  -DCHECK_FUNCTION_EXISTS=pthread_create -rdynamic CMakeFiles/cmTC_9eaef.dir/CheckFunctionExists.c.o -o cmTC_9eaef  -lpthreads 
/usr/bin/ld: cannot find -lpthreads
collect2: error: ld returned 1 exit status
CMakeFiles/cmTC_9eaef.dir/build.make:98: recipe for target 'cmTC_9eaef' failed
make[2]: *** [cmTC_9eaef] Error 1
make[2]: Leaving directory '/home/bwilab/jackal_ws/src/graph_navigation/CMakeFiles/CMakeTmp'
Makefile:127: recipe for target 'cmTC_9eaef/fast' failed
make[1]: *** [cmTC_9eaef/fast] Error 2
make[1]: Leaving directory '/home/bwilab/jackal_ws/src/graph_navigation/CMakeFiles/CMakeTmp'



